<?xml version="1.0" encoding="UTF-8"?>
<!-- Generated by org.testng.reporters.JUnitXMLReporter -->
<testsuite ignored="0" hostname="Gana-HP" failures="0" tests="4" name="Test" time="63.515" errors="0" timestamp="2024-07-30T10:39:17 IST">
  <testcase classname="practice.crocsTest" name="cros" time="32.895"/>
  <testcase classname="practice.PumaTest" name="puma" time="13.927"/>
  <testcase classname="practice.adidasTest" name="adidas" time="3.504"/>
  <testcase classname="practice.sparksTest" name="sparks" time="13.118"/>
</testsuite> <!-- Test -->
