<?xml version="1.0" encoding="UTF-8"?>
<testng-results ignored="0" total="4" passed="4" failed="0" skipped="0">
  <reporter-output>
  </reporter-output>
  <suite started-at="2024-07-30T10:38:14 IST" name="Suite" finished-at="2024-07-30T10:39:17 IST" duration-ms="63515">
    <groups>
    </groups>
    <test started-at="2024-07-30T10:38:14 IST" name="Test" finished-at="2024-07-30T10:39:17 IST" duration-ms="63515">
      <class name="practice.adidasTest">
        <test-method signature="adidas(java.lang.String)[pri:0, instance:practice.adidasTest@661972b0]" started-at="2024-07-30T10:39:00 IST" name="adidas" finished-at="2024-07-30T10:39:04 IST" duration-ms="3504" status="PASS">
          <params>
            <param index="0">
              <value>
                <![CDATA[chrome]]>
              </value>
            </param>
          </params>
          <reporter-output>
          </reporter-output>
        </test-method> <!-- adidas -->
      </class> <!-- practice.adidasTest -->
      <class name="practice.sparksTest">
        <test-method signature="sparks(java.lang.String)[pri:0, instance:practice.sparksTest@5af3afd9]" started-at="2024-07-30T10:39:04 IST" name="sparks" finished-at="2024-07-30T10:39:17 IST" duration-ms="13118" status="PASS">
          <params>
            <param index="0">
              <value>
                <![CDATA[chrome]]>
              </value>
            </param>
          </params>
          <reporter-output>
          </reporter-output>
        </test-method> <!-- sparks -->
      </class> <!-- practice.sparksTest -->
      <class name="practice.PumaTest">
        <test-method signature="puma(java.lang.String)[pri:0, instance:practice.PumaTest@3bb9a3ff]" started-at="2024-07-30T10:38:47 IST" name="puma" finished-at="2024-07-30T10:39:00 IST" duration-ms="13927" status="PASS">
          <params>
            <param index="0">
              <value>
                <![CDATA[chrome]]>
              </value>
            </param>
          </params>
          <reporter-output>
          </reporter-output>
        </test-method> <!-- puma -->
      </class> <!-- practice.PumaTest -->
      <class name="practice.crocsTest">
        <test-method signature="cros(java.lang.String)[pri:0, instance:practice.crocsTest@5e0826e7]" started-at="2024-07-30T10:38:14 IST" name="cros" finished-at="2024-07-30T10:38:47 IST" duration-ms="32895" status="PASS">
          <params>
            <param index="0">
              <value>
                <![CDATA[chrome]]>
              </value>
            </param>
          </params>
          <reporter-output>
          </reporter-output>
        </test-method> <!-- cros -->
      </class> <!-- practice.crocsTest -->
    </test> <!-- Test -->
  </suite> <!-- Suite -->
</testng-results>
